<?xml version="1.0" encoding="UTF-8"?>
<!-- Generated by org.testng.reporters.JUnitXMLReporter -->
<testsuite ignored="0" hostname="LAPTOP-EATKDIKF" failures="1" tests="2" name="Test" time="26.324" errors="0" timestamp="2022-04-14T17:06:20 IST">
  <testcase classname="TestCases.verifySignIn" name="entervalue" time="5.304">
    <failure type="java.lang.AssertionError" message="The following asserts failed:
	expected [Your acces to salesforce.com has been disabled by your system administrator. Please contact your Administrator for more information.] but found [Your access to salesforce.com has been disabled by your system administrator. Please contact your Administrator for more information.]">
      <![CDATA[java.lang.AssertionError: The following asserts failed:
expected [Your acces to salesforce.com has been disabled by your system administrator. Please contact your Administrator for more information.] but found [Your access to salesforce.com has been disabled by your system administrator. Please contact your Administrator for more information.]
at TestCases.verifySignIn.entervalue(verifySignIn.java:28)
at java.base/java.util.ArrayList.forEach(ArrayList.java:1511)
... Removed 29 stack frames]]>
    </failure>
  </testcase> <!-- entervalue -->
  <testcase classname="TestCases.verifySignUp" name="enterfields" time="13.266"/>
</testsuite> <!-- Test -->
